mode: set
gitlab.com/rd/terraform-provider-sewan/sewan/resourceVdc.go:7.45,28.2 1 1
gitlab.com/rd/terraform-provider-sewan/sewan/resourceVdc.go:29.37,63.2 1 1
gitlab.com/rd/terraform-provider-sewan/sewan/resourceVdc.go:64.69,66.2 1 1
gitlab.com/rd/terraform-provider-sewan/sewan/resourceVdc.go:67.67,69.2 1 1
gitlab.com/rd/terraform-provider-sewan/sewan/resourceVdc.go:70.69,72.2 1 1
gitlab.com/rd/terraform-provider-sewan/sewan/resourceVdc.go:73.69,75.2 1 1
gitlab.com/rd/terraform-provider-sewan/sewan/resourceVm.go:7.40,32.2 1 1
gitlab.com/rd/terraform-provider-sewan/sewan/resourceVm.go:33.39,50.2 1 1
gitlab.com/rd/terraform-provider-sewan/sewan/resourceVm.go:51.36,150.2 1 1
gitlab.com/rd/terraform-provider-sewan/sewan/resourceVm.go:151.68,153.2 1 1
gitlab.com/rd/terraform-provider-sewan/sewan/resourceVm.go:154.66,156.2 1 1
gitlab.com/rd/terraform-provider-sewan/sewan/resourceVm.go:157.68,159.2 1 1
gitlab.com/rd/terraform-provider-sewan/sewan/resourceVm.go:160.68,162.2 1 1
gitlab.com/rd/terraform-provider-sewan/sewan/resourcesCRUD.go:10.29,17.16 2 1
gitlab.com/rd/terraform-provider-sewan/sewan/resourcesCRUD.go:20.2,22.39 1 1
gitlab.com/rd/terraform-provider-sewan/sewan/resourcesCRUD.go:17.16,19.3 1 1
gitlab.com/rd/terraform-provider-sewan/sewan/resourcesCRUD.go:27.29,33.9 2 1
gitlab.com/rd/terraform-provider-sewan/sewan/resourcesCRUD.go:34.38,36.13 2 1
gitlab.com/rd/terraform-provider-sewan/sewan/resourcesCRUD.go:37.18,38.13 1 1
gitlab.com/rd/terraform-provider-sewan/sewan/resourcesCRUD.go:39.10,42.40 1 1
gitlab.com/rd/terraform-provider-sewan/sewan/resourcesCRUD.go:48.29,55.2 1 1
gitlab.com/rd/terraform-provider-sewan/sewan/resourcesCRUD.go:59.29,65.16 2 1
gitlab.com/rd/terraform-provider-sewan/sewan/resourcesCRUD.go:68.2,68.12 1 1
gitlab.com/rd/terraform-provider-sewan/sewan/resourcesCRUD.go:65.16,67.3 1 1
gitlab.com/rd/terraform-provider-sewan/sewan/config.go:59.62,87.2 8 1
gitlab.com/rd/terraform-provider-sewan/sewan/provider.go:9.34,18.2 1 1
gitlab.com/rd/terraform-provider-sewan/sewan/provider.go:20.49,33.2 1 1
gitlab.com/rd/terraform-provider-sewan/sewan/provider.go:35.69,41.2 2 0
gitlab.com/rd/terraform-provider-sewan/main.go:9.13,11.51 1 0
gitlab.com/rd/terraform-provider-sewan/main.go:11.51,13.4 1 0
