mode: set
gitlab.com/rd/terraform-provider-sewan/main.go:9.13,11.51 1 0
gitlab.com/rd/terraform-provider-sewan/main.go:11.51,13.4 1 0
gitlab.com/rd/terraform-provider-sewan/sewan/resourceVdc.go:7.45,28.2 1 1
gitlab.com/rd/terraform-provider-sewan/sewan/resourceVdc.go:29.37,59.2 1 1
gitlab.com/rd/terraform-provider-sewan/sewan/resourceVdc.go:60.69,62.2 1 1
gitlab.com/rd/terraform-provider-sewan/sewan/resourceVdc.go:63.67,65.2 1 1
gitlab.com/rd/terraform-provider-sewan/sewan/resourceVdc.go:66.69,68.2 1 1
gitlab.com/rd/terraform-provider-sewan/sewan/resourceVdc.go:69.69,71.2 1 1
gitlab.com/rd/terraform-provider-sewan/sewan/resourceVm.go:7.40,32.2 1 1
gitlab.com/rd/terraform-provider-sewan/sewan/resourceVm.go:33.39,50.2 1 1
gitlab.com/rd/terraform-provider-sewan/sewan/resourceVm.go:51.36,146.2 1 1
gitlab.com/rd/terraform-provider-sewan/sewan/resourceVm.go:147.68,149.2 1 1
gitlab.com/rd/terraform-provider-sewan/sewan/resourceVm.go:150.66,152.2 1 1
gitlab.com/rd/terraform-provider-sewan/sewan/resourceVm.go:153.68,155.2 1 1
gitlab.com/rd/terraform-provider-sewan/sewan/resourceVm.go:156.68,158.2 1 1
gitlab.com/rd/terraform-provider-sewan/sewan/resourcesCRUD.go:10.29,17.16 2 1
gitlab.com/rd/terraform-provider-sewan/sewan/resourcesCRUD.go:20.2,22.52 1 1
gitlab.com/rd/terraform-provider-sewan/sewan/resourcesCRUD.go:17.16,19.3 1 1
gitlab.com/rd/terraform-provider-sewan/sewan/resourcesCRUD.go:27.29,33.9 2 1
gitlab.com/rd/terraform-provider-sewan/sewan/resourcesCRUD.go:34.38,36.13 2 1
gitlab.com/rd/terraform-provider-sewan/sewan/resourcesCRUD.go:37.18,38.13 1 1
gitlab.com/rd/terraform-provider-sewan/sewan/resourcesCRUD.go:39.10,42.53 1 1
gitlab.com/rd/terraform-provider-sewan/sewan/resourcesCRUD.go:48.29,55.2 1 1
gitlab.com/rd/terraform-provider-sewan/sewan/resourcesCRUD.go:59.29,65.16 2 1
gitlab.com/rd/terraform-provider-sewan/sewan/resourcesCRUD.go:68.2,68.12 1 1
gitlab.com/rd/terraform-provider-sewan/sewan/resourcesCRUD.go:65.16,67.3 1 1
gitlab.com/rd/terraform-provider-sewan/sewan/config.go:65.9,86.17 7 1
gitlab.com/rd/terraform-provider-sewan/sewan/config.go:89.2,91.17 2 1
gitlab.com/rd/terraform-provider-sewan/sewan/config.go:94.2,103.6 2 1
gitlab.com/rd/terraform-provider-sewan/sewan/config.go:86.17,88.3 1 1
gitlab.com/rd/terraform-provider-sewan/sewan/config.go:91.17,93.3 1 1
gitlab.com/rd/terraform-provider-sewan/sewan/provider.go:10.34,19.2 1 1
gitlab.com/rd/terraform-provider-sewan/sewan/provider.go:21.49,39.2 1 1
gitlab.com/rd/terraform-provider-sewan/sewan/provider.go:41.69,52.2 3 0
