mode: set
gitlab.com/sewan-sdk-go/httpClient.go:25.84,27.2 1 0
gitlab.com/sewan-sdk-go/httpClient.go:30.58,38.17 6 1
gitlab.com/sewan-sdk-go/httpClient.go:41.2,43.17 3 1
gitlab.com/sewan-sdk-go/httpClient.go:46.2,49.17 2 1
gitlab.com/sewan-sdk-go/httpClient.go:52.2,52.25 1 1
gitlab.com/sewan-sdk-go/httpClient.go:55.2,55.42 1 1
gitlab.com/sewan-sdk-go/httpClient.go:38.17,40.3 1 0
gitlab.com/sewan-sdk-go/httpClient.go:43.17,45.3 1 1
gitlab.com/sewan-sdk-go/httpClient.go:49.17,51.3 1 1
gitlab.com/sewan-sdk-go/httpClient.go:52.25,54.3 1 1
gitlab.com/sewan-sdk-go/httpClient.go:63.50,64.17 1 1
gitlab.com/sewan-sdk-go/httpClient.go:67.2,67.22 1 1
gitlab.com/sewan-sdk-go/httpClient.go:70.2,72.39 3 1
gitlab.com/sewan-sdk-go/httpClient.go:77.2,77.21 1 1
gitlab.com/sewan-sdk-go/httpClient.go:64.17,66.3 1 0
gitlab.com/sewan-sdk-go/httpClient.go:67.22,69.3 1 1
gitlab.com/sewan-sdk-go/httpClient.go:72.39,76.3 1 1
gitlab.com/sewan-sdk-go/httpClient.go:78.27,79.51 1 1
gitlab.com/sewan-sdk-go/httpClient.go:80.31,81.51 1 1
gitlab.com/sewan-sdk-go/httpClient.go:82.10,83.63 1 0
gitlab.com/sewan-sdk-go/httpClient.go:84.10,88.23 1 1
gitlab.com/sewan-sdk-go/httpClient.go:93.41,98.17 3 1
gitlab.com/sewan-sdk-go/httpClient.go:102.2,102.29 1 1
gitlab.com/sewan-sdk-go/httpClient.go:105.2,106.17 2 1
gitlab.com/sewan-sdk-go/httpClient.go:111.2,112.17 2 1
gitlab.com/sewan-sdk-go/httpClient.go:116.2,116.42 1 1
gitlab.com/sewan-sdk-go/httpClient.go:98.17,101.3 1 0
gitlab.com/sewan-sdk-go/httpClient.go:102.29,104.3 1 0
gitlab.com/sewan-sdk-go/httpClient.go:106.17,110.3 1 1
gitlab.com/sewan-sdk-go/httpClient.go:112.17,115.3 1 0
gitlab.com/sewan-sdk-go/httpClient.go:120.41,122.17 2 1
gitlab.com/sewan-sdk-go/httpClient.go:125.2,126.17 2 1
gitlab.com/sewan-sdk-go/httpClient.go:130.2,130.31 1 1
gitlab.com/sewan-sdk-go/httpClient.go:122.17,124.3 1 0
gitlab.com/sewan-sdk-go/httpClient.go:126.17,129.3 1 0
gitlab.com/sewan-sdk-go/logger.go:14.47,16.2 1 0
gitlab.com/sewan-sdk-go/logger.go:18.47,24.31 6 0
gitlab.com/sewan-sdk-go/logger.go:27.2,28.29 2 0
gitlab.com/sewan-sdk-go/logger.go:31.2,33.23 3 0
gitlab.com/sewan-sdk-go/logger.go:36.2,37.69 2 0
gitlab.com/sewan-sdk-go/logger.go:24.31,26.3 1 0
gitlab.com/sewan-sdk-go/logger.go:28.29,30.3 1 0
gitlab.com/sewan-sdk-go/logger.go:33.23,35.3 1 0
gitlab.com/sewan-sdk-go/packageConstantsAndErrors.go:86.33,87.23 1 1
gitlab.com/sewan-sdk-go/packageConstantsAndErrors.go:90.2,90.17 1 1
gitlab.com/sewan-sdk-go/packageConstantsAndErrors.go:93.2,93.26 1 1
gitlab.com/sewan-sdk-go/packageConstantsAndErrors.go:96.2,96.37 1 1
gitlab.com/sewan-sdk-go/packageConstantsAndErrors.go:103.2,106.71 1 1
gitlab.com/sewan-sdk-go/packageConstantsAndErrors.go:87.23,89.3 1 0
gitlab.com/sewan-sdk-go/packageConstantsAndErrors.go:90.17,92.3 1 0
gitlab.com/sewan-sdk-go/packageConstantsAndErrors.go:93.26,95.3 1 0
gitlab.com/sewan-sdk-go/packageConstantsAndErrors.go:96.37,97.29 1 1
gitlab.com/sewan-sdk-go/packageConstantsAndErrors.go:97.29,99.4 1 1
gitlab.com/sewan-sdk-go/packageConstantsAndErrors.go:99.9,101.4 1 1
gitlab.com/sewan-sdk-go/packageConstantsAndErrors.go:111.19,116.24 5 1
gitlab.com/sewan-sdk-go/packageConstantsAndErrors.go:119.2,119.16 1 1
gitlab.com/sewan-sdk-go/packageConstantsAndErrors.go:122.2,122.23 1 1
gitlab.com/sewan-sdk-go/packageConstantsAndErrors.go:116.24,118.3 1 0
gitlab.com/sewan-sdk-go/packageConstantsAndErrors.go:119.16,121.3 1 0
gitlab.com/sewan-sdk-go/packageConstantsAndErrors.go:123.25,125.26 1 1
gitlab.com/sewan-sdk-go/packageConstantsAndErrors.go:126.21,128.25 1 1
gitlab.com/sewan-sdk-go/packageConstantsAndErrors.go:129.23,131.26 1 1
gitlab.com/sewan-sdk-go/packageConstantsAndErrors.go:132.23,134.28 1 1
gitlab.com/sewan-sdk-go/packageConstantsAndErrors.go:135.10,137.74 1 0
gitlab.com/sewan-sdk-go/packageConstantsAndErrors.go:141.61,142.24 1 1
gitlab.com/sewan-sdk-go/packageConstantsAndErrors.go:145.2,148.34 1 1
gitlab.com/sewan-sdk-go/packageConstantsAndErrors.go:142.24,144.3 1 0
gitlab.com/sewan-sdk-go/resourcesUtils.go:92.61,104.49 3 1
gitlab.com/sewan-sdk-go/resourcesUtils.go:112.2,112.17 1 1
gitlab.com/sewan-sdk-go/resourcesUtils.go:104.49,111.3 6 1
gitlab.com/sewan-sdk-go/resourcesUtils.go:119.44,123.17 2 1
gitlab.com/sewan-sdk-go/resourcesUtils.go:126.2,128.17 2 1
gitlab.com/sewan-sdk-go/resourcesUtils.go:131.2,132.17 2 1
gitlab.com/sewan-sdk-go/resourcesUtils.go:135.2,137.17 2 1
gitlab.com/sewan-sdk-go/resourcesUtils.go:140.2,140.22 1 1
gitlab.com/sewan-sdk-go/resourcesUtils.go:123.17,125.3 1 1
gitlab.com/sewan-sdk-go/resourcesUtils.go:128.17,130.3 1 1
gitlab.com/sewan-sdk-go/resourcesUtils.go:132.17,134.3 1 1
gitlab.com/sewan-sdk-go/resourcesUtils.go:137.17,139.3 1 0
gitlab.com/sewan-sdk-go/resourcesUtils.go:146.24,154.40 3 1
gitlab.com/sewan-sdk-go/resourcesUtils.go:165.2,165.26 1 1
gitlab.com/sewan-sdk-go/resourcesUtils.go:168.2,188.18 2 1
gitlab.com/sewan-sdk-go/resourcesUtils.go:209.2,209.16 1 1
gitlab.com/sewan-sdk-go/resourcesUtils.go:154.40,164.3 4 1
gitlab.com/sewan-sdk-go/resourcesUtils.go:165.26,167.3 1 1
gitlab.com/sewan-sdk-go/resourcesUtils.go:188.18,194.22 2 1
gitlab.com/sewan-sdk-go/resourcesUtils.go:203.3,204.18 2 1
gitlab.com/sewan-sdk-go/resourcesUtils.go:207.3,207.45 1 1
gitlab.com/sewan-sdk-go/resourcesUtils.go:194.22,198.18 3 1
gitlab.com/sewan-sdk-go/resourcesUtils.go:201.4,201.47 1 1
gitlab.com/sewan-sdk-go/resourcesUtils.go:198.18,200.5 1 0
gitlab.com/sewan-sdk-go/resourcesUtils.go:204.18,206.4 1 0
gitlab.com/sewan-sdk-go/resourcesUtils.go:219.33,220.22 1 1
gitlab.com/sewan-sdk-go/resourcesUtils.go:221.23,222.30 1 1
gitlab.com/sewan-sdk-go/resourcesUtils.go:223.22,227.8 1 1
gitlab.com/sewan-sdk-go/resourcesUtils.go:228.10,229.58 1 1
gitlab.com/sewan-sdk-go/resourcesUtils.go:234.84,235.22 1 1
gitlab.com/sewan-sdk-go/resourcesUtils.go:236.23,237.13 1 1
gitlab.com/sewan-sdk-go/resourcesUtils.go:238.22,239.13 1 1
gitlab.com/sewan-sdk-go/resourcesUtils.go:240.10,241.51 1 1
gitlab.com/sewan-sdk-go/resourcesUtils.go:249.30,255.2 5 1
gitlab.com/sewan-sdk-go/resourcesUtils.go:262.28,269.2 6 1
gitlab.com/sewan-sdk-go/resourcesUtils.go:274.35,280.17 4 1
gitlab.com/sewan-sdk-go/resourcesUtils.go:283.2,286.13 2 1
gitlab.com/sewan-sdk-go/resourcesUtils.go:280.17,282.3 1 1
gitlab.com/sewan-sdk-go/templatesUtils.go:54.62,59.41 2 1
gitlab.com/sewan-sdk-go/templatesUtils.go:77.2,77.49 1 1
gitlab.com/sewan-sdk-go/templatesUtils.go:81.2,81.36 1 1
gitlab.com/sewan-sdk-go/templatesUtils.go:59.41,60.49 1 1
gitlab.com/sewan-sdk-go/templatesUtils.go:61.20,65.40 2 1
gitlab.com/sewan-sdk-go/templatesUtils.go:69.11,74.9 2 1
gitlab.com/sewan-sdk-go/templatesUtils.go:65.40,67.10 2 1
gitlab.com/sewan-sdk-go/templatesUtils.go:77.49,80.3 1 1
gitlab.com/sewan-sdk-go/templatesUtils.go:88.93,95.50 2 1
gitlab.com/sewan-sdk-go/templatesUtils.go:102.2,102.38 1 1
gitlab.com/sewan-sdk-go/templatesUtils.go:113.2,113.22 1 1
gitlab.com/sewan-sdk-go/templatesUtils.go:95.50,96.35 1 1
gitlab.com/sewan-sdk-go/templatesUtils.go:96.35,100.4 3 1
gitlab.com/sewan-sdk-go/templatesUtils.go:102.38,105.3 1 1
gitlab.com/sewan-sdk-go/templatesUtils.go:105.8,107.74 2 1
gitlab.com/sewan-sdk-go/templatesUtils.go:107.74,111.4 1 1
gitlab.com/sewan-sdk-go/templatesUtils.go:117.41,118.18 1 1
gitlab.com/sewan-sdk-go/templatesUtils.go:123.2,123.35 1 1
gitlab.com/sewan-sdk-go/templatesUtils.go:128.2,128.12 1 1
gitlab.com/sewan-sdk-go/templatesUtils.go:118.18,122.3 1 1
gitlab.com/sewan-sdk-go/templatesUtils.go:123.35,124.73 1 1
gitlab.com/sewan-sdk-go/templatesUtils.go:124.73,126.4 1 1
gitlab.com/sewan-sdk-go/templatesUtils.go:137.51,153.9 3 1
gitlab.com/sewan-sdk-go/templatesUtils.go:154.34,156.56 1 1
gitlab.com/sewan-sdk-go/templatesUtils.go:157.10,162.12 5 1
gitlab.com/sewan-sdk-go/templatesUtils.go:166.3,168.67 3 1
gitlab.com/sewan-sdk-go/templatesUtils.go:197.3,197.36 1 1
gitlab.com/sewan-sdk-go/templatesUtils.go:162.12,165.4 2 1
gitlab.com/sewan-sdk-go/templatesUtils.go:168.67,170.73 2 1
gitlab.com/sewan-sdk-go/templatesUtils.go:179.4,181.69 3 1
gitlab.com/sewan-sdk-go/templatesUtils.go:189.4,195.18 6 1
gitlab.com/sewan-sdk-go/templatesUtils.go:170.73,178.5 3 1
gitlab.com/sewan-sdk-go/templatesUtils.go:181.69,188.5 3 1
gitlab.com/sewan-sdk-go/templatesUtils.go:203.37,208.28 2 1
gitlab.com/sewan-sdk-go/templatesUtils.go:221.2,221.63 1 1
gitlab.com/sewan-sdk-go/templatesUtils.go:225.2,225.24 1 1
gitlab.com/sewan-sdk-go/templatesUtils.go:208.28,210.73 2 1
gitlab.com/sewan-sdk-go/templatesUtils.go:219.3,219.52 1 1
gitlab.com/sewan-sdk-go/templatesUtils.go:210.73,211.24 1 1
gitlab.com/sewan-sdk-go/templatesUtils.go:212.23,213.41 1 1
gitlab.com/sewan-sdk-go/templatesUtils.go:214.24,215.41 1 1
gitlab.com/sewan-sdk-go/templatesUtils.go:216.12,216.12 0 1
gitlab.com/sewan-sdk-go/templatesUtils.go:221.63,224.3 1 1
gitlab.com/sewan-sdk-go/templatesUtils.go:230.21,236.38 2 1
gitlab.com/sewan-sdk-go/templatesUtils.go:237.22,238.10 1 1
gitlab.com/sewan-sdk-go/templatesUtils.go:247.19,248.10 1 1
gitlab.com/sewan-sdk-go/templatesUtils.go:254.21,255.10 1 1
gitlab.com/sewan-sdk-go/templatesUtils.go:264.10,264.10 0 0
gitlab.com/sewan-sdk-go/templatesUtils.go:239.37,239.37 0 0
gitlab.com/sewan-sdk-go/templatesUtils.go:240.37,240.37 0 1
gitlab.com/sewan-sdk-go/templatesUtils.go:241.39,241.39 0 1
gitlab.com/sewan-sdk-go/templatesUtils.go:242.45,242.45 0 0
gitlab.com/sewan-sdk-go/templatesUtils.go:243.39,244.48 1 1
gitlab.com/sewan-sdk-go/templatesUtils.go:245.11,245.11 0 1
gitlab.com/sewan-sdk-go/templatesUtils.go:249.37,249.37 0 1
gitlab.com/sewan-sdk-go/templatesUtils.go:250.44,251.62 1 1
gitlab.com/sewan-sdk-go/templatesUtils.go:252.11,252.11 0 1
gitlab.com/sewan-sdk-go/templatesUtils.go:256.26,256.26 0 1
gitlab.com/sewan-sdk-go/templatesUtils.go:257.25,261.45 2 1
gitlab.com/sewan-sdk-go/templatesUtils.go:262.11,262.11 0 0
gitlab.com/sewan-sdk-go/terraformSchemaUtils.go:23.80,25.2 1 1
gitlab.com/sewan-sdk-go/terraformSchemaUtils.go:29.59,34.40 2 1
gitlab.com/sewan-sdk-go/terraformSchemaUtils.go:59.2,59.20 1 1
gitlab.com/sewan-sdk-go/terraformSchemaUtils.go:34.40,36.21 2 1
gitlab.com/sewan-sdk-go/terraformSchemaUtils.go:57.3,57.18 1 1
gitlab.com/sewan-sdk-go/terraformSchemaUtils.go:36.21,38.11 2 1
gitlab.com/sewan-sdk-go/terraformSchemaUtils.go:53.4,53.17 1 1
gitlab.com/sewan-sdk-go/terraformSchemaUtils.go:39.57,40.61 1 1
gitlab.com/sewan-sdk-go/terraformSchemaUtils.go:41.53,42.37 1 1
gitlab.com/sewan-sdk-go/terraformSchemaUtils.go:43.56,44.21 1 1
gitlab.com/sewan-sdk-go/terraformSchemaUtils.go:49.12,51.63 1 0
gitlab.com/sewan-sdk-go/terraformSchemaUtils.go:44.21,46.6 1 0
gitlab.com/sewan-sdk-go/terraformSchemaUtils.go:46.11,48.6 1 1
gitlab.com/sewan-sdk-go/terraformSchemaUtils.go:54.9,56.4 1 1
gitlab.com/sewan-sdk-go/terraformSchemaUtils.go:64.86,71.44 2 1
gitlab.com/sewan-sdk-go/terraformSchemaUtils.go:80.2,80.56 1 1
gitlab.com/sewan-sdk-go/terraformSchemaUtils.go:71.44,79.3 5 1
gitlab.com/sewan-sdk-go/terraformSchemaUtils.go:101.42,106.35 2 1
gitlab.com/sewan-sdk-go/terraformSchemaUtils.go:144.2,144.29 1 1
gitlab.com/sewan-sdk-go/terraformSchemaUtils.go:107.14,108.29 1 1
gitlab.com/sewan-sdk-go/terraformSchemaUtils.go:109.12,110.27 1 1
gitlab.com/sewan-sdk-go/terraformSchemaUtils.go:111.15,112.35 1 1
gitlab.com/sewan-sdk-go/terraformSchemaUtils.go:113.11,114.26 1 1
gitlab.com/sewan-sdk-go/terraformSchemaUtils.go:115.30,119.43 4 1
gitlab.com/sewan-sdk-go/terraformSchemaUtils.go:125.3,125.27 1 1
gitlab.com/sewan-sdk-go/terraformSchemaUtils.go:126.21,129.45 3 1
gitlab.com/sewan-sdk-go/terraformSchemaUtils.go:135.3,135.28 1 1
gitlab.com/sewan-sdk-go/terraformSchemaUtils.go:136.10,137.19 1 0
gitlab.com/sewan-sdk-go/terraformSchemaUtils.go:119.43,124.4 2 1
gitlab.com/sewan-sdk-go/terraformSchemaUtils.go:129.45,134.4 2 1
gitlab.com/sewan-sdk-go/terraformSchemaUtils.go:137.19,139.4 1 0
gitlab.com/sewan-sdk-go/terraformSchemaUtils.go:139.9,142.4 1 0
gitlab.com/sewan-sdk-go/api.go:49.63,55.2 1 1
gitlab.com/sewan-sdk-go/api.go:59.40,65.2 3 1
gitlab.com/sewan-sdk-go/api.go:72.46,81.17 3 1
gitlab.com/sewan-sdk-go/api.go:84.2,85.17 2 1
gitlab.com/sewan-sdk-go/api.go:88.2,91.17 2 1
gitlab.com/sewan-sdk-go/api.go:94.2,97.9 4 1
gitlab.com/sewan-sdk-go/api.go:81.17,83.3 1 1
gitlab.com/sewan-sdk-go/api.go:85.17,87.3 1 0
gitlab.com/sewan-sdk-go/api.go:91.17,93.3 1 0
gitlab.com/sewan-sdk-go/api.go:98.19,100.23 1 1
gitlab.com/sewan-sdk-go/api.go:101.10,105.29 2 1
gitlab.com/sewan-sdk-go/api.go:105.29,107.4 1 1
gitlab.com/sewan-sdk-go/api.go:107.9,109.4 1 1
gitlab.com/sewan-sdk-go/api.go:117.46,119.17 2 1
gitlab.com/sewan-sdk-go/api.go:122.2,124.17 2 1
gitlab.com/sewan-sdk-go/api.go:127.2,129.9 3 1
gitlab.com/sewan-sdk-go/api.go:119.17,121.3 1 1
gitlab.com/sewan-sdk-go/api.go:124.17,126.3 1 0
gitlab.com/sewan-sdk-go/api.go:130.19,133.9 1 1
gitlab.com/sewan-sdk-go/api.go:134.10,135.64 1 1
gitlab.com/sewan-sdk-go/api.go:138.3,141.26 2 1
gitlab.com/sewan-sdk-go/api.go:135.64,137.4 1 1
gitlab.com/sewan-sdk-go/api.go:141.26,142.39 1 1
gitlab.com/sewan-sdk-go/api.go:149.4,149.54 1 1
gitlab.com/sewan-sdk-go/api.go:142.39,145.20 2 1
gitlab.com/sewan-sdk-go/api.go:145.20,147.6 1 0
gitlab.com/sewan-sdk-go/api.go:150.9,152.4 1 1
gitlab.com/sewan-sdk-go/api.go:157.45,164.74 4 1
gitlab.com/sewan-sdk-go/api.go:168.2,168.47 1 1
gitlab.com/sewan-sdk-go/api.go:164.74,167.3 2 1
gitlab.com/sewan-sdk-go/api.go:176.20,183.17 2 1
gitlab.com/sewan-sdk-go/api.go:186.2,187.17 2 1
gitlab.com/sewan-sdk-go/api.go:190.2,193.17 2 1
gitlab.com/sewan-sdk-go/api.go:196.2,199.9 4 1
gitlab.com/sewan-sdk-go/api.go:183.17,185.3 1 1
gitlab.com/sewan-sdk-go/api.go:187.17,189.3 1 0
gitlab.com/sewan-sdk-go/api.go:193.17,195.3 1 0
gitlab.com/sewan-sdk-go/api.go:200.19,203.9 1 1
gitlab.com/sewan-sdk-go/api.go:204.10,208.14 2 1
gitlab.com/sewan-sdk-go/api.go:216.20,218.17 2 1
gitlab.com/sewan-sdk-go/api.go:221.2,223.17 2 1
gitlab.com/sewan-sdk-go/api.go:226.2,228.9 3 1
gitlab.com/sewan-sdk-go/api.go:218.17,220.3 1 1
gitlab.com/sewan-sdk-go/api.go:223.17,225.3 1 0
gitlab.com/sewan-sdk-go/api.go:229.19,232.9 1 1
gitlab.com/sewan-sdk-go/api.go:233.10,237.14 2 1
