mode: set
gitlab.com/rd/sewan-sdk-go/terraformSchemaUtils.go:30.80,32.2 1 1
gitlab.com/rd/sewan-sdk-go/terraformSchemaUtils.go:39.59,44.40 2 1
gitlab.com/rd/sewan-sdk-go/terraformSchemaUtils.go:72.2,72.12 1 1
gitlab.com/rd/sewan-sdk-go/terraformSchemaUtils.go:44.40,46.21 2 1
gitlab.com/rd/sewan-sdk-go/terraformSchemaUtils.go:67.3,67.17 1 1
gitlab.com/rd/sewan-sdk-go/terraformSchemaUtils.go:70.3,70.18 1 1
gitlab.com/rd/sewan-sdk-go/terraformSchemaUtils.go:46.21,48.11 2 1
gitlab.com/rd/sewan-sdk-go/terraformSchemaUtils.go:63.4,63.16 1 1
gitlab.com/rd/sewan-sdk-go/terraformSchemaUtils.go:49.57,50.60 1 1
gitlab.com/rd/sewan-sdk-go/terraformSchemaUtils.go:51.53,52.36 1 1
gitlab.com/rd/sewan-sdk-go/terraformSchemaUtils.go:53.56,54.21 1 1
gitlab.com/rd/sewan-sdk-go/terraformSchemaUtils.go:59.12,61.63 1 0
gitlab.com/rd/sewan-sdk-go/terraformSchemaUtils.go:54.21,56.6 1 0
gitlab.com/rd/sewan-sdk-go/terraformSchemaUtils.go:56.11,58.6 1 1
gitlab.com/rd/sewan-sdk-go/terraformSchemaUtils.go:64.9,66.4 1 1
gitlab.com/rd/sewan-sdk-go/terraformSchemaUtils.go:67.17,69.4 1 0
gitlab.com/rd/sewan-sdk-go/terraformSchemaUtils.go:93.42,98.35 2 1
gitlab.com/rd/sewan-sdk-go/terraformSchemaUtils.go:136.2,136.23 1 1
gitlab.com/rd/sewan-sdk-go/terraformSchemaUtils.go:99.14,100.29 1 1
gitlab.com/rd/sewan-sdk-go/terraformSchemaUtils.go:101.12,102.27 1 1
gitlab.com/rd/sewan-sdk-go/terraformSchemaUtils.go:103.15,104.35 1 1
gitlab.com/rd/sewan-sdk-go/terraformSchemaUtils.go:105.11,106.26 1 1
gitlab.com/rd/sewan-sdk-go/terraformSchemaUtils.go:107.30,111.43 4 1
gitlab.com/rd/sewan-sdk-go/terraformSchemaUtils.go:117.3,117.27 1 1
gitlab.com/rd/sewan-sdk-go/terraformSchemaUtils.go:118.21,121.45 3 1
gitlab.com/rd/sewan-sdk-go/terraformSchemaUtils.go:127.3,127.28 1 1
gitlab.com/rd/sewan-sdk-go/terraformSchemaUtils.go:128.10,129.19 1 0
gitlab.com/rd/sewan-sdk-go/terraformSchemaUtils.go:111.43,116.4 2 1
gitlab.com/rd/sewan-sdk-go/terraformSchemaUtils.go:121.45,126.4 2 1
gitlab.com/rd/sewan-sdk-go/terraformSchemaUtils.go:129.19,131.4 1 0
gitlab.com/rd/sewan-sdk-go/terraformSchemaUtils.go:131.9,134.4 1 0
gitlab.com/rd/sewan-sdk-go/api.go:88.86,95.2 1 1
gitlab.com/rd/sewan-sdk-go/api.go:100.40,104.2 1 1
gitlab.com/rd/sewan-sdk-go/api.go:112.48,119.17 3 1
gitlab.com/rd/sewan-sdk-go/api.go:122.2,124.17 2 1
gitlab.com/rd/sewan-sdk-go/api.go:127.2,129.17 2 1
gitlab.com/rd/sewan-sdk-go/api.go:132.2,134.17 2 1
gitlab.com/rd/sewan-sdk-go/api.go:137.2,139.17 2 1
gitlab.com/rd/sewan-sdk-go/api.go:142.2,144.17 2 1
gitlab.com/rd/sewan-sdk-go/api.go:147.2,149.17 2 1
gitlab.com/rd/sewan-sdk-go/api.go:152.2,154.17 2 1
gitlab.com/rd/sewan-sdk-go/api.go:157.2,160.17 2 1
gitlab.com/rd/sewan-sdk-go/api.go:163.2,183.22 20 1
gitlab.com/rd/sewan-sdk-go/api.go:119.17,121.3 1 1
gitlab.com/rd/sewan-sdk-go/api.go:124.17,126.3 1 0
gitlab.com/rd/sewan-sdk-go/api.go:129.17,131.3 1 0
gitlab.com/rd/sewan-sdk-go/api.go:134.17,136.3 1 0
gitlab.com/rd/sewan-sdk-go/api.go:139.17,141.3 1 0
gitlab.com/rd/sewan-sdk-go/api.go:144.17,146.3 1 0
gitlab.com/rd/sewan-sdk-go/api.go:149.17,151.3 1 0
gitlab.com/rd/sewan-sdk-go/api.go:154.17,156.3 1 0
gitlab.com/rd/sewan-sdk-go/api.go:160.17,162.3 1 0
gitlab.com/rd/sewan-sdk-go/api.go:196.46,204.17 3 1
gitlab.com/rd/sewan-sdk-go/api.go:207.2,208.17 2 1
gitlab.com/rd/sewan-sdk-go/api.go:211.2,214.17 2 1
gitlab.com/rd/sewan-sdk-go/api.go:217.2,220.9 4 1
gitlab.com/rd/sewan-sdk-go/api.go:204.17,206.3 1 1
gitlab.com/rd/sewan-sdk-go/api.go:208.17,210.3 1 0
gitlab.com/rd/sewan-sdk-go/api.go:214.17,216.3 1 0
gitlab.com/rd/sewan-sdk-go/api.go:221.19,223.23 1 1
gitlab.com/rd/sewan-sdk-go/api.go:224.10,228.29 2 1
gitlab.com/rd/sewan-sdk-go/api.go:231.3,231.56 1 1
gitlab.com/rd/sewan-sdk-go/api.go:228.29,230.4 1 1
gitlab.com/rd/sewan-sdk-go/api.go:244.46,246.17 2 1
gitlab.com/rd/sewan-sdk-go/api.go:249.2,251.17 2 1
gitlab.com/rd/sewan-sdk-go/api.go:254.2,256.9 3 1
gitlab.com/rd/sewan-sdk-go/api.go:246.17,248.3 1 1
gitlab.com/rd/sewan-sdk-go/api.go:251.17,253.3 1 0
gitlab.com/rd/sewan-sdk-go/api.go:257.19,260.9 1 1
gitlab.com/rd/sewan-sdk-go/api.go:261.10,262.64 1 1
gitlab.com/rd/sewan-sdk-go/api.go:265.3,268.26 2 1
gitlab.com/rd/sewan-sdk-go/api.go:271.3,271.38 1 1
gitlab.com/rd/sewan-sdk-go/api.go:278.3,278.53 1 1
gitlab.com/rd/sewan-sdk-go/api.go:262.64,264.4 1 1
gitlab.com/rd/sewan-sdk-go/api.go:268.26,270.4 1 1
gitlab.com/rd/sewan-sdk-go/api.go:271.38,274.19 2 1
gitlab.com/rd/sewan-sdk-go/api.go:274.19,276.5 1 1
gitlab.com/rd/sewan-sdk-go/api.go:288.55,292.74 2 1
gitlab.com/rd/sewan-sdk-go/api.go:302.2,302.47 1 1
gitlab.com/rd/sewan-sdk-go/api.go:292.74,296.17 2 1
gitlab.com/rd/sewan-sdk-go/api.go:299.3,300.50 2 1
gitlab.com/rd/sewan-sdk-go/api.go:296.17,298.4 1 1
gitlab.com/rd/sewan-sdk-go/api.go:306.73,307.55 1 1
gitlab.com/rd/sewan-sdk-go/api.go:314.2,314.50 1 1
gitlab.com/rd/sewan-sdk-go/api.go:307.55,310.50 3 1
gitlab.com/rd/sewan-sdk-go/api.go:310.50,312.4 1 1
gitlab.com/rd/sewan-sdk-go/api.go:327.20,333.17 2 1
gitlab.com/rd/sewan-sdk-go/api.go:336.2,337.17 2 1
gitlab.com/rd/sewan-sdk-go/api.go:340.2,343.17 2 1
gitlab.com/rd/sewan-sdk-go/api.go:346.2,349.9 4 1
gitlab.com/rd/sewan-sdk-go/api.go:333.17,335.3 1 1
gitlab.com/rd/sewan-sdk-go/api.go:337.17,339.3 1 0
gitlab.com/rd/sewan-sdk-go/api.go:343.17,345.3 1 0
gitlab.com/rd/sewan-sdk-go/api.go:350.19,353.9 1 1
gitlab.com/rd/sewan-sdk-go/api.go:354.10,358.14 2 1
gitlab.com/rd/sewan-sdk-go/api.go:371.20,373.17 2 1
gitlab.com/rd/sewan-sdk-go/api.go:376.2,378.17 2 1
gitlab.com/rd/sewan-sdk-go/api.go:381.2,383.9 3 1
gitlab.com/rd/sewan-sdk-go/api.go:373.17,375.3 1 1
gitlab.com/rd/sewan-sdk-go/api.go:378.17,380.3 1 0
gitlab.com/rd/sewan-sdk-go/api.go:384.19,387.9 1 1
gitlab.com/rd/sewan-sdk-go/api.go:388.10,392.14 2 1
gitlab.com/rd/sewan-sdk-go/httpClient.go:30.84,32.2 1 0
gitlab.com/rd/sewan-sdk-go/httpClient.go:46.56,48.17 2 0
gitlab.com/rd/sewan-sdk-go/httpClient.go:51.2,52.26 2 0
gitlab.com/rd/sewan-sdk-go/httpClient.go:55.2,55.27 1 0
gitlab.com/rd/sewan-sdk-go/httpClient.go:48.17,50.3 1 0
gitlab.com/rd/sewan-sdk-go/httpClient.go:52.26,54.3 1 0
gitlab.com/rd/sewan-sdk-go/httpClient.go:62.42,68.44 6 0
gitlab.com/rd/sewan-sdk-go/httpClient.go:71.2,74.17 2 0
gitlab.com/rd/sewan-sdk-go/httpClient.go:77.2,79.17 3 0
gitlab.com/rd/sewan-sdk-go/httpClient.go:82.2,85.17 2 0
gitlab.com/rd/sewan-sdk-go/httpClient.go:88.2,88.21 1 0
gitlab.com/rd/sewan-sdk-go/httpClient.go:91.2,91.38 1 0
gitlab.com/rd/sewan-sdk-go/httpClient.go:68.44,70.3 1 0
gitlab.com/rd/sewan-sdk-go/httpClient.go:74.17,76.3 1 0
gitlab.com/rd/sewan-sdk-go/httpClient.go:79.17,81.3 1 0
gitlab.com/rd/sewan-sdk-go/httpClient.go:85.17,87.3 1 0
gitlab.com/rd/sewan-sdk-go/httpClient.go:88.21,90.3 1 0
gitlab.com/rd/sewan-sdk-go/httpClient.go:99.50,100.17 1 1
gitlab.com/rd/sewan-sdk-go/httpClient.go:103.2,103.22 1 1
gitlab.com/rd/sewan-sdk-go/httpClient.go:106.2,108.39 3 1
gitlab.com/rd/sewan-sdk-go/httpClient.go:113.2,113.21 1 1
gitlab.com/rd/sewan-sdk-go/httpClient.go:100.17,102.3 1 1
gitlab.com/rd/sewan-sdk-go/httpClient.go:103.22,105.3 1 1
gitlab.com/rd/sewan-sdk-go/httpClient.go:108.39,112.3 1 1
gitlab.com/rd/sewan-sdk-go/httpClient.go:114.27,115.51 1 1
gitlab.com/rd/sewan-sdk-go/httpClient.go:116.31,117.51 1 1
gitlab.com/rd/sewan-sdk-go/httpClient.go:118.10,119.63 1 0
gitlab.com/rd/sewan-sdk-go/httpClient.go:120.10,124.23 1 1
gitlab.com/rd/sewan-sdk-go/httpClient.go:129.41,134.17 3 1
gitlab.com/rd/sewan-sdk-go/httpClient.go:138.2,138.29 1 1
gitlab.com/rd/sewan-sdk-go/httpClient.go:141.2,142.17 2 1
gitlab.com/rd/sewan-sdk-go/httpClient.go:147.2,148.17 2 1
gitlab.com/rd/sewan-sdk-go/httpClient.go:152.2,152.42 1 1
gitlab.com/rd/sewan-sdk-go/httpClient.go:134.17,137.3 1 0
gitlab.com/rd/sewan-sdk-go/httpClient.go:138.29,140.3 1 0
gitlab.com/rd/sewan-sdk-go/httpClient.go:142.17,146.3 1 1
gitlab.com/rd/sewan-sdk-go/httpClient.go:148.17,151.3 1 0
gitlab.com/rd/sewan-sdk-go/httpClient.go:156.41,158.17 2 1
gitlab.com/rd/sewan-sdk-go/httpClient.go:161.2,162.17 2 1
gitlab.com/rd/sewan-sdk-go/httpClient.go:166.2,166.31 1 1
gitlab.com/rd/sewan-sdk-go/httpClient.go:158.17,160.3 1 0
gitlab.com/rd/sewan-sdk-go/httpClient.go:162.17,165.3 1 0
gitlab.com/rd/sewan-sdk-go/logger.go:14.47,16.2 1 1
gitlab.com/rd/sewan-sdk-go/logger.go:18.47,24.30 6 1
gitlab.com/rd/sewan-sdk-go/logger.go:27.2,28.28 2 1
gitlab.com/rd/sewan-sdk-go/logger.go:31.2,33.23 3 1
gitlab.com/rd/sewan-sdk-go/logger.go:36.2,37.69 2 1
gitlab.com/rd/sewan-sdk-go/logger.go:24.30,26.3 1 0
gitlab.com/rd/sewan-sdk-go/logger.go:28.28,30.3 1 1
gitlab.com/rd/sewan-sdk-go/logger.go:33.23,35.3 1 0
gitlab.com/rd/sewan-sdk-go/packageConstantsAndErrorsAndUtils.go:111.55,113.2 1 1
gitlab.com/rd/sewan-sdk-go/packageConstantsAndErrorsAndUtils.go:115.51,117.2 1 1
gitlab.com/rd/sewan-sdk-go/packageConstantsAndErrorsAndUtils.go:119.80,120.30 1 1
gitlab.com/rd/sewan-sdk-go/packageConstantsAndErrorsAndUtils.go:123.2,124.78 1 1
gitlab.com/rd/sewan-sdk-go/packageConstantsAndErrorsAndUtils.go:120.30,122.3 1 1
gitlab.com/rd/sewan-sdk-go/packageConstantsAndErrorsAndUtils.go:129.33,130.23 1 1
gitlab.com/rd/sewan-sdk-go/packageConstantsAndErrorsAndUtils.go:133.2,133.17 1 1
gitlab.com/rd/sewan-sdk-go/packageConstantsAndErrorsAndUtils.go:136.2,136.26 1 1
gitlab.com/rd/sewan-sdk-go/packageConstantsAndErrorsAndUtils.go:139.2,139.37 1 1
gitlab.com/rd/sewan-sdk-go/packageConstantsAndErrorsAndUtils.go:145.2,148.71 1 1
gitlab.com/rd/sewan-sdk-go/packageConstantsAndErrorsAndUtils.go:130.23,132.3 1 0
gitlab.com/rd/sewan-sdk-go/packageConstantsAndErrorsAndUtils.go:133.17,135.3 1 0
gitlab.com/rd/sewan-sdk-go/packageConstantsAndErrorsAndUtils.go:136.26,138.3 1 0
gitlab.com/rd/sewan-sdk-go/packageConstantsAndErrorsAndUtils.go:139.37,140.29 1 1
gitlab.com/rd/sewan-sdk-go/packageConstantsAndErrorsAndUtils.go:143.3,143.38 1 1
gitlab.com/rd/sewan-sdk-go/packageConstantsAndErrorsAndUtils.go:140.29,142.4 1 1
gitlab.com/rd/sewan-sdk-go/packageConstantsAndErrorsAndUtils.go:153.19,158.24 5 1
gitlab.com/rd/sewan-sdk-go/packageConstantsAndErrorsAndUtils.go:161.2,161.16 1 1
gitlab.com/rd/sewan-sdk-go/packageConstantsAndErrorsAndUtils.go:164.2,164.23 1 1
gitlab.com/rd/sewan-sdk-go/packageConstantsAndErrorsAndUtils.go:158.24,160.3 1 0
gitlab.com/rd/sewan-sdk-go/packageConstantsAndErrorsAndUtils.go:161.16,163.3 1 0
gitlab.com/rd/sewan-sdk-go/packageConstantsAndErrorsAndUtils.go:165.25,167.26 1 1
gitlab.com/rd/sewan-sdk-go/packageConstantsAndErrorsAndUtils.go:168.21,170.25 1 1
gitlab.com/rd/sewan-sdk-go/packageConstantsAndErrorsAndUtils.go:171.23,173.26 1 1
gitlab.com/rd/sewan-sdk-go/packageConstantsAndErrorsAndUtils.go:174.23,176.28 1 1
gitlab.com/rd/sewan-sdk-go/packageConstantsAndErrorsAndUtils.go:177.10,179.74 1 0
gitlab.com/rd/sewan-sdk-go/packageConstantsAndErrorsAndUtils.go:183.61,184.24 1 1
gitlab.com/rd/sewan-sdk-go/packageConstantsAndErrorsAndUtils.go:187.2,190.34 1 1
gitlab.com/rd/sewan-sdk-go/packageConstantsAndErrorsAndUtils.go:184.24,186.3 1 0
gitlab.com/rd/sewan-sdk-go/packageConstantsAndErrorsAndUtils.go:193.61,197.33 2 0
gitlab.com/rd/sewan-sdk-go/packageConstantsAndErrorsAndUtils.go:202.2,202.15 1 0
gitlab.com/rd/sewan-sdk-go/packageConstantsAndErrorsAndUtils.go:205.2,205.54 1 0
gitlab.com/rd/sewan-sdk-go/packageConstantsAndErrorsAndUtils.go:197.33,198.23 1 0
gitlab.com/rd/sewan-sdk-go/packageConstantsAndErrorsAndUtils.go:198.23,200.4 1 0
gitlab.com/rd/sewan-sdk-go/packageConstantsAndErrorsAndUtils.go:202.15,204.3 1 0
gitlab.com/rd/sewan-sdk-go/resourcesUtils.go:101.59,102.57 1 1
gitlab.com/rd/sewan-sdk-go/resourcesUtils.go:108.2,108.11 1 0
gitlab.com/rd/sewan-sdk-go/resourcesUtils.go:102.57,104.39 2 1
gitlab.com/rd/sewan-sdk-go/resourcesUtils.go:104.39,106.4 1 1
gitlab.com/rd/sewan-sdk-go/resourcesUtils.go:112.60,117.52 2 1
gitlab.com/rd/sewan-sdk-go/resourcesUtils.go:126.2,126.15 1 1
gitlab.com/rd/sewan-sdk-go/resourcesUtils.go:129.2,129.57 1 1
gitlab.com/rd/sewan-sdk-go/resourcesUtils.go:117.52,122.34 5 1
gitlab.com/rd/sewan-sdk-go/resourcesUtils.go:122.34,124.4 1 1
gitlab.com/rd/sewan-sdk-go/resourcesUtils.go:126.15,128.3 1 1
gitlab.com/rd/sewan-sdk-go/resourcesUtils.go:135.30,136.67 1 1
gitlab.com/rd/sewan-sdk-go/resourcesUtils.go:158.2,158.12 1 1
gitlab.com/rd/sewan-sdk-go/resourcesUtils.go:136.67,141.63 2 1
gitlab.com/rd/sewan-sdk-go/resourcesUtils.go:153.3,153.22 1 1
gitlab.com/rd/sewan-sdk-go/resourcesUtils.go:141.63,144.18 3 1
gitlab.com/rd/sewan-sdk-go/resourcesUtils.go:144.18,148.33 4 1
gitlab.com/rd/sewan-sdk-go/resourcesUtils.go:148.33,150.6 1 1
gitlab.com/rd/sewan-sdk-go/resourcesUtils.go:153.22,156.4 1 1
gitlab.com/rd/sewan-sdk-go/resourcesUtils.go:163.18,169.20 2 1
gitlab.com/rd/sewan-sdk-go/resourcesUtils.go:172.2,172.50 1 1
gitlab.com/rd/sewan-sdk-go/resourcesUtils.go:181.2,181.15 1 1
gitlab.com/rd/sewan-sdk-go/resourcesUtils.go:184.2,184.55 1 1
gitlab.com/rd/sewan-sdk-go/resourcesUtils.go:169.20,171.3 1 1
gitlab.com/rd/sewan-sdk-go/resourcesUtils.go:172.50,177.32 5 1
gitlab.com/rd/sewan-sdk-go/resourcesUtils.go:177.32,179.4 1 1
gitlab.com/rd/sewan-sdk-go/resourcesUtils.go:181.15,183.3 1 1
gitlab.com/rd/sewan-sdk-go/resourcesUtils.go:189.18,195.55 2 1
gitlab.com/rd/sewan-sdk-go/resourcesUtils.go:204.2,204.15 1 1
gitlab.com/rd/sewan-sdk-go/resourcesUtils.go:207.2,207.50 1 0
gitlab.com/rd/sewan-sdk-go/resourcesUtils.go:195.55,200.27 5 1
gitlab.com/rd/sewan-sdk-go/resourcesUtils.go:200.27,202.4 1 1
gitlab.com/rd/sewan-sdk-go/resourcesUtils.go:204.15,206.3 1 1
gitlab.com/rd/sewan-sdk-go/resourcesUtils.go:212.18,218.30 2 1
gitlab.com/rd/sewan-sdk-go/resourcesUtils.go:234.2,234.12 1 1
gitlab.com/rd/sewan-sdk-go/resourcesUtils.go:218.30,221.47 3 1
gitlab.com/rd/sewan-sdk-go/resourcesUtils.go:230.3,230.17 1 1
gitlab.com/rd/sewan-sdk-go/resourcesUtils.go:221.47,226.32 5 1
gitlab.com/rd/sewan-sdk-go/resourcesUtils.go:226.32,228.5 1 1
gitlab.com/rd/sewan-sdk-go/resourcesUtils.go:230.17,232.4 1 0
gitlab.com/rd/sewan-sdk-go/resourcesUtils.go:241.29,242.22 1 1
gitlab.com/rd/sewan-sdk-go/resourcesUtils.go:267.2,267.12 1 1
gitlab.com/rd/sewan-sdk-go/resourcesUtils.go:243.23,246.18 3 1
gitlab.com/rd/sewan-sdk-go/resourcesUtils.go:249.3,250.18 2 1
gitlab.com/rd/sewan-sdk-go/resourcesUtils.go:253.22,255.18 2 1
gitlab.com/rd/sewan-sdk-go/resourcesUtils.go:258.3,259.18 2 1
gitlab.com/rd/sewan-sdk-go/resourcesUtils.go:262.3,263.18 2 1
gitlab.com/rd/sewan-sdk-go/resourcesUtils.go:246.18,248.4 1 1
gitlab.com/rd/sewan-sdk-go/resourcesUtils.go:250.18,252.4 1 1
gitlab.com/rd/sewan-sdk-go/resourcesUtils.go:255.18,257.4 1 1
gitlab.com/rd/sewan-sdk-go/resourcesUtils.go:259.18,261.4 1 0
gitlab.com/rd/sewan-sdk-go/resourcesUtils.go:263.18,265.4 1 0
gitlab.com/rd/sewan-sdk-go/resourcesUtils.go:276.33,277.22 1 1
gitlab.com/rd/sewan-sdk-go/resourcesUtils.go:278.23,280.18 2 1
gitlab.com/rd/sewan-sdk-go/resourcesUtils.go:283.3,283.35 1 1
gitlab.com/rd/sewan-sdk-go/resourcesUtils.go:284.22,286.18 2 1
gitlab.com/rd/sewan-sdk-go/resourcesUtils.go:289.3,291.8 1 1
gitlab.com/rd/sewan-sdk-go/resourcesUtils.go:292.10,293.58 1 1
gitlab.com/rd/sewan-sdk-go/resourcesUtils.go:280.18,282.4 1 1
gitlab.com/rd/sewan-sdk-go/resourcesUtils.go:286.18,288.4 1 1
gitlab.com/rd/sewan-sdk-go/resourcesUtils.go:299.84,300.22 1 1
gitlab.com/rd/sewan-sdk-go/resourcesUtils.go:301.23,302.13 1 1
gitlab.com/rd/sewan-sdk-go/resourcesUtils.go:303.22,304.13 1 1
gitlab.com/rd/sewan-sdk-go/resourcesUtils.go:305.10,306.51 1 1
gitlab.com/rd/sewan-sdk-go/resourcesUtils.go:315.30,321.2 5 1
gitlab.com/rd/sewan-sdk-go/resourcesUtils.go:329.28,336.2 6 1
gitlab.com/rd/sewan-sdk-go/resourcesUtils.go:341.35,347.17 4 1
gitlab.com/rd/sewan-sdk-go/resourcesUtils.go:350.2,353.13 2 1
gitlab.com/rd/sewan-sdk-go/resourcesUtils.go:347.17,349.3 1 1
gitlab.com/rd/sewan-sdk-go/resourcesUtils.go:356.77,365.48 2 1
gitlab.com/rd/sewan-sdk-go/resourcesUtils.go:373.2,373.17 1 1
gitlab.com/rd/sewan-sdk-go/resourcesUtils.go:365.48,368.17 2 1
gitlab.com/rd/sewan-sdk-go/resourcesUtils.go:371.3,371.81 1 1
gitlab.com/rd/sewan-sdk-go/resourcesUtils.go:368.17,370.4 1 0
gitlab.com/rd/sewan-sdk-go/resourcesUtils.go:376.73,377.55 1 1
gitlab.com/rd/sewan-sdk-go/resourcesUtils.go:384.2,384.50 1 0
gitlab.com/rd/sewan-sdk-go/resourcesUtils.go:377.55,380.50 3 1
gitlab.com/rd/sewan-sdk-go/resourcesUtils.go:380.50,382.4 1 1
gitlab.com/rd/sewan-sdk-go/resourcesUtils.go:390.44,393.17 2 1
gitlab.com/rd/sewan-sdk-go/resourcesUtils.go:396.2,397.17 2 1
gitlab.com/rd/sewan-sdk-go/resourcesUtils.go:400.2,402.17 2 1
gitlab.com/rd/sewan-sdk-go/resourcesUtils.go:405.2,405.22 1 1
gitlab.com/rd/sewan-sdk-go/resourcesUtils.go:393.17,395.3 1 0
gitlab.com/rd/sewan-sdk-go/resourcesUtils.go:397.17,399.3 1 1
gitlab.com/rd/sewan-sdk-go/resourcesUtils.go:402.17,404.3 1 0
gitlab.com/rd/sewan-sdk-go/resourcesUtils.go:410.30,418.40 3 1
gitlab.com/rd/sewan-sdk-go/resourcesUtils.go:428.2,428.26 1 1
gitlab.com/rd/sewan-sdk-go/resourcesUtils.go:431.2,451.18 2 1
gitlab.com/rd/sewan-sdk-go/resourcesUtils.go:472.2,472.16 1 1
gitlab.com/rd/sewan-sdk-go/resourcesUtils.go:418.40,427.3 4 1
gitlab.com/rd/sewan-sdk-go/resourcesUtils.go:428.26,430.3 1 1
gitlab.com/rd/sewan-sdk-go/resourcesUtils.go:451.18,457.22 2 1
gitlab.com/rd/sewan-sdk-go/resourcesUtils.go:466.3,467.18 2 1
gitlab.com/rd/sewan-sdk-go/resourcesUtils.go:470.3,470.45 1 1
gitlab.com/rd/sewan-sdk-go/resourcesUtils.go:457.22,461.18 3 1
gitlab.com/rd/sewan-sdk-go/resourcesUtils.go:464.4,464.47 1 1
gitlab.com/rd/sewan-sdk-go/resourcesUtils.go:461.18,463.5 1 0
gitlab.com/rd/sewan-sdk-go/resourcesUtils.go:467.18,469.4 1 0
gitlab.com/rd/sewan-sdk-go/templatesUtils.go:61.62,66.41 2 1
gitlab.com/rd/sewan-sdk-go/templatesUtils.go:82.2,82.49 1 1
gitlab.com/rd/sewan-sdk-go/templatesUtils.go:86.2,86.36 1 1
gitlab.com/rd/sewan-sdk-go/templatesUtils.go:66.41,67.49 1 1
gitlab.com/rd/sewan-sdk-go/templatesUtils.go:68.20,70.40 2 1
gitlab.com/rd/sewan-sdk-go/templatesUtils.go:74.11,79.9 2 1
gitlab.com/rd/sewan-sdk-go/templatesUtils.go:70.40,72.10 2 1
gitlab.com/rd/sewan-sdk-go/templatesUtils.go:82.49,85.3 1 1
gitlab.com/rd/sewan-sdk-go/templatesUtils.go:93.92,100.50 2 1
gitlab.com/rd/sewan-sdk-go/templatesUtils.go:107.2,107.38 1 1
gitlab.com/rd/sewan-sdk-go/templatesUtils.go:118.2,118.22 1 1
gitlab.com/rd/sewan-sdk-go/templatesUtils.go:100.50,101.35 1 1
gitlab.com/rd/sewan-sdk-go/templatesUtils.go:101.35,105.4 3 1
gitlab.com/rd/sewan-sdk-go/templatesUtils.go:107.38,110.3 1 1
gitlab.com/rd/sewan-sdk-go/templatesUtils.go:110.8,112.74 2 1
gitlab.com/rd/sewan-sdk-go/templatesUtils.go:112.74,116.4 1 1
gitlab.com/rd/sewan-sdk-go/templatesUtils.go:122.41,123.18 1 1
gitlab.com/rd/sewan-sdk-go/templatesUtils.go:128.2,128.35 1 1
gitlab.com/rd/sewan-sdk-go/templatesUtils.go:133.2,133.12 1 1
gitlab.com/rd/sewan-sdk-go/templatesUtils.go:123.18,127.3 1 1
gitlab.com/rd/sewan-sdk-go/templatesUtils.go:128.35,129.73 1 1
gitlab.com/rd/sewan-sdk-go/templatesUtils.go:129.73,131.4 1 1
gitlab.com/rd/sewan-sdk-go/templatesUtils.go:142.51,158.9 3 1
gitlab.com/rd/sewan-sdk-go/templatesUtils.go:159.34,161.56 1 1
gitlab.com/rd/sewan-sdk-go/templatesUtils.go:162.10,167.12 5 1
gitlab.com/rd/sewan-sdk-go/templatesUtils.go:171.3,173.67 3 1
gitlab.com/rd/sewan-sdk-go/templatesUtils.go:202.3,202.36 1 1
gitlab.com/rd/sewan-sdk-go/templatesUtils.go:167.12,170.4 2 1
gitlab.com/rd/sewan-sdk-go/templatesUtils.go:173.67,175.73 2 1
gitlab.com/rd/sewan-sdk-go/templatesUtils.go:184.4,186.69 3 1
gitlab.com/rd/sewan-sdk-go/templatesUtils.go:194.4,200.18 6 1
gitlab.com/rd/sewan-sdk-go/templatesUtils.go:175.73,183.5 3 1
gitlab.com/rd/sewan-sdk-go/templatesUtils.go:186.69,193.5 3 1
gitlab.com/rd/sewan-sdk-go/templatesUtils.go:208.37,213.28 2 1
gitlab.com/rd/sewan-sdk-go/templatesUtils.go:226.2,226.63 1 1
gitlab.com/rd/sewan-sdk-go/templatesUtils.go:230.2,230.24 1 1
gitlab.com/rd/sewan-sdk-go/templatesUtils.go:213.28,215.73 2 1
gitlab.com/rd/sewan-sdk-go/templatesUtils.go:224.3,224.52 1 1
gitlab.com/rd/sewan-sdk-go/templatesUtils.go:215.73,216.24 1 1
gitlab.com/rd/sewan-sdk-go/templatesUtils.go:217.23,218.41 1 1
gitlab.com/rd/sewan-sdk-go/templatesUtils.go:219.24,220.41 1 1
gitlab.com/rd/sewan-sdk-go/templatesUtils.go:221.12,221.12 0 1
gitlab.com/rd/sewan-sdk-go/templatesUtils.go:226.63,229.3 1 1
gitlab.com/rd/sewan-sdk-go/templatesUtils.go:235.21,241.38 2 1
gitlab.com/rd/sewan-sdk-go/templatesUtils.go:242.22,243.10 1 1
gitlab.com/rd/sewan-sdk-go/templatesUtils.go:252.19,253.10 1 1
gitlab.com/rd/sewan-sdk-go/templatesUtils.go:259.21,260.10 1 1
gitlab.com/rd/sewan-sdk-go/templatesUtils.go:269.10,269.10 0 0
gitlab.com/rd/sewan-sdk-go/templatesUtils.go:244.37,244.37 0 0
gitlab.com/rd/sewan-sdk-go/templatesUtils.go:245.37,245.37 0 1
gitlab.com/rd/sewan-sdk-go/templatesUtils.go:246.39,246.39 0 1
gitlab.com/rd/sewan-sdk-go/templatesUtils.go:247.45,247.45 0 0
gitlab.com/rd/sewan-sdk-go/templatesUtils.go:248.39,249.48 1 1
gitlab.com/rd/sewan-sdk-go/templatesUtils.go:250.11,250.11 0 1
gitlab.com/rd/sewan-sdk-go/templatesUtils.go:254.37,254.37 0 1
gitlab.com/rd/sewan-sdk-go/templatesUtils.go:255.44,256.62 1 1
gitlab.com/rd/sewan-sdk-go/templatesUtils.go:257.11,257.11 0 1
gitlab.com/rd/sewan-sdk-go/templatesUtils.go:261.26,261.26 0 1
gitlab.com/rd/sewan-sdk-go/templatesUtils.go:262.25,266.45 2 1
gitlab.com/rd/sewan-sdk-go/templatesUtils.go:267.11,267.11 0 0
