mode: set
gitlab.com/rd/sewan-sdk-go/templatesUtils.go:61.62,66.41 2 1
gitlab.com/rd/sewan-sdk-go/templatesUtils.go:84.2,84.49 1 1
gitlab.com/rd/sewan-sdk-go/templatesUtils.go:88.2,88.36 1 1
gitlab.com/rd/sewan-sdk-go/templatesUtils.go:66.41,67.49 1 1
gitlab.com/rd/sewan-sdk-go/templatesUtils.go:68.20,72.40 2 1
gitlab.com/rd/sewan-sdk-go/templatesUtils.go:76.11,81.9 2 1
gitlab.com/rd/sewan-sdk-go/templatesUtils.go:72.40,74.10 2 1
gitlab.com/rd/sewan-sdk-go/templatesUtils.go:84.49,87.3 1 1
gitlab.com/rd/sewan-sdk-go/templatesUtils.go:95.92,102.50 2 1
gitlab.com/rd/sewan-sdk-go/templatesUtils.go:109.2,109.38 1 1
gitlab.com/rd/sewan-sdk-go/templatesUtils.go:120.2,120.22 1 1
gitlab.com/rd/sewan-sdk-go/templatesUtils.go:102.50,103.35 1 1
gitlab.com/rd/sewan-sdk-go/templatesUtils.go:103.35,107.4 3 1
gitlab.com/rd/sewan-sdk-go/templatesUtils.go:109.38,112.3 1 1
gitlab.com/rd/sewan-sdk-go/templatesUtils.go:112.8,114.74 2 1
gitlab.com/rd/sewan-sdk-go/templatesUtils.go:114.74,118.4 1 1
gitlab.com/rd/sewan-sdk-go/templatesUtils.go:124.41,125.18 1 1
gitlab.com/rd/sewan-sdk-go/templatesUtils.go:130.2,130.35 1 1
gitlab.com/rd/sewan-sdk-go/templatesUtils.go:135.2,135.12 1 1
gitlab.com/rd/sewan-sdk-go/templatesUtils.go:125.18,129.3 1 1
gitlab.com/rd/sewan-sdk-go/templatesUtils.go:130.35,131.73 1 1
gitlab.com/rd/sewan-sdk-go/templatesUtils.go:131.73,133.4 1 1
gitlab.com/rd/sewan-sdk-go/templatesUtils.go:144.51,160.9 3 1
gitlab.com/rd/sewan-sdk-go/templatesUtils.go:161.34,163.56 1 1
gitlab.com/rd/sewan-sdk-go/templatesUtils.go:164.10,169.12 5 1
gitlab.com/rd/sewan-sdk-go/templatesUtils.go:173.3,175.67 3 1
gitlab.com/rd/sewan-sdk-go/templatesUtils.go:204.3,204.36 1 1
gitlab.com/rd/sewan-sdk-go/templatesUtils.go:169.12,172.4 2 1
gitlab.com/rd/sewan-sdk-go/templatesUtils.go:175.67,177.73 2 1
gitlab.com/rd/sewan-sdk-go/templatesUtils.go:186.4,188.69 3 1
gitlab.com/rd/sewan-sdk-go/templatesUtils.go:196.4,202.18 6 1
gitlab.com/rd/sewan-sdk-go/templatesUtils.go:177.73,185.5 3 1
gitlab.com/rd/sewan-sdk-go/templatesUtils.go:188.69,195.5 3 1
gitlab.com/rd/sewan-sdk-go/templatesUtils.go:210.37,215.28 2 1
gitlab.com/rd/sewan-sdk-go/templatesUtils.go:228.2,228.63 1 1
gitlab.com/rd/sewan-sdk-go/templatesUtils.go:232.2,232.24 1 1
gitlab.com/rd/sewan-sdk-go/templatesUtils.go:215.28,217.73 2 1
gitlab.com/rd/sewan-sdk-go/templatesUtils.go:226.3,226.52 1 1
gitlab.com/rd/sewan-sdk-go/templatesUtils.go:217.73,218.24 1 1
gitlab.com/rd/sewan-sdk-go/templatesUtils.go:219.23,220.41 1 1
gitlab.com/rd/sewan-sdk-go/templatesUtils.go:221.24,222.41 1 1
gitlab.com/rd/sewan-sdk-go/templatesUtils.go:223.12,223.12 0 1
gitlab.com/rd/sewan-sdk-go/templatesUtils.go:228.63,231.3 1 1
gitlab.com/rd/sewan-sdk-go/templatesUtils.go:237.21,243.38 2 1
gitlab.com/rd/sewan-sdk-go/templatesUtils.go:244.22,245.10 1 1
gitlab.com/rd/sewan-sdk-go/templatesUtils.go:254.19,255.10 1 1
gitlab.com/rd/sewan-sdk-go/templatesUtils.go:261.21,262.10 1 1
gitlab.com/rd/sewan-sdk-go/templatesUtils.go:271.10,271.10 0 0
gitlab.com/rd/sewan-sdk-go/templatesUtils.go:246.37,246.37 0 0
gitlab.com/rd/sewan-sdk-go/templatesUtils.go:247.37,247.37 0 1
gitlab.com/rd/sewan-sdk-go/templatesUtils.go:248.39,248.39 0 1
gitlab.com/rd/sewan-sdk-go/templatesUtils.go:249.45,249.45 0 0
gitlab.com/rd/sewan-sdk-go/templatesUtils.go:250.39,251.48 1 1
gitlab.com/rd/sewan-sdk-go/templatesUtils.go:252.11,252.11 0 1
gitlab.com/rd/sewan-sdk-go/templatesUtils.go:256.37,256.37 0 1
gitlab.com/rd/sewan-sdk-go/templatesUtils.go:257.44,258.62 1 1
gitlab.com/rd/sewan-sdk-go/templatesUtils.go:259.11,259.11 0 1
gitlab.com/rd/sewan-sdk-go/templatesUtils.go:263.26,263.26 0 1
gitlab.com/rd/sewan-sdk-go/templatesUtils.go:264.25,268.45 2 1
gitlab.com/rd/sewan-sdk-go/templatesUtils.go:269.11,269.11 0 0
gitlab.com/rd/sewan-sdk-go/terraformSchemaUtils.go:31.80,33.2 1 1
gitlab.com/rd/sewan-sdk-go/terraformSchemaUtils.go:40.59,45.40 2 1
gitlab.com/rd/sewan-sdk-go/terraformSchemaUtils.go:73.2,73.12 1 1
gitlab.com/rd/sewan-sdk-go/terraformSchemaUtils.go:45.40,47.21 2 1
gitlab.com/rd/sewan-sdk-go/terraformSchemaUtils.go:68.3,68.17 1 1
gitlab.com/rd/sewan-sdk-go/terraformSchemaUtils.go:71.3,71.18 1 1
gitlab.com/rd/sewan-sdk-go/terraformSchemaUtils.go:47.21,49.11 2 1
gitlab.com/rd/sewan-sdk-go/terraformSchemaUtils.go:64.4,64.16 1 1
gitlab.com/rd/sewan-sdk-go/terraformSchemaUtils.go:50.57,51.60 1 1
gitlab.com/rd/sewan-sdk-go/terraformSchemaUtils.go:52.53,53.36 1 1
gitlab.com/rd/sewan-sdk-go/terraformSchemaUtils.go:54.56,55.21 1 1
gitlab.com/rd/sewan-sdk-go/terraformSchemaUtils.go:60.12,62.63 1 0
gitlab.com/rd/sewan-sdk-go/terraformSchemaUtils.go:55.21,57.6 1 0
gitlab.com/rd/sewan-sdk-go/terraformSchemaUtils.go:57.11,59.6 1 1
gitlab.com/rd/sewan-sdk-go/terraformSchemaUtils.go:65.9,67.4 1 1
gitlab.com/rd/sewan-sdk-go/terraformSchemaUtils.go:68.17,70.4 1 0
gitlab.com/rd/sewan-sdk-go/terraformSchemaUtils.go:94.42,99.35 2 1
gitlab.com/rd/sewan-sdk-go/terraformSchemaUtils.go:137.2,137.23 1 1
gitlab.com/rd/sewan-sdk-go/terraformSchemaUtils.go:100.14,101.29 1 1
gitlab.com/rd/sewan-sdk-go/terraformSchemaUtils.go:102.12,103.27 1 1
gitlab.com/rd/sewan-sdk-go/terraformSchemaUtils.go:104.15,105.35 1 1
gitlab.com/rd/sewan-sdk-go/terraformSchemaUtils.go:106.11,107.26 1 1
gitlab.com/rd/sewan-sdk-go/terraformSchemaUtils.go:108.30,112.43 4 1
gitlab.com/rd/sewan-sdk-go/terraformSchemaUtils.go:118.3,118.27 1 1
gitlab.com/rd/sewan-sdk-go/terraformSchemaUtils.go:119.21,122.45 3 1
gitlab.com/rd/sewan-sdk-go/terraformSchemaUtils.go:128.3,128.28 1 1
gitlab.com/rd/sewan-sdk-go/terraformSchemaUtils.go:129.10,130.19 1 0
gitlab.com/rd/sewan-sdk-go/terraformSchemaUtils.go:112.43,117.4 2 1
gitlab.com/rd/sewan-sdk-go/terraformSchemaUtils.go:122.45,127.4 2 1
gitlab.com/rd/sewan-sdk-go/terraformSchemaUtils.go:130.19,132.4 1 0
gitlab.com/rd/sewan-sdk-go/terraformSchemaUtils.go:132.9,135.4 1 0
gitlab.com/rd/sewan-sdk-go/api.go:80.86,87.2 1 1
gitlab.com/rd/sewan-sdk-go/api.go:92.40,96.2 1 1
gitlab.com/rd/sewan-sdk-go/api.go:104.48,114.16 3 1
gitlab.com/rd/sewan-sdk-go/api.go:117.2,117.48 1 1
gitlab.com/rd/sewan-sdk-go/api.go:130.2,134.22 4 1
gitlab.com/rd/sewan-sdk-go/api.go:114.16,116.3 1 1
gitlab.com/rd/sewan-sdk-go/api.go:117.48,118.51 1 1
gitlab.com/rd/sewan-sdk-go/api.go:119.15,121.39 1 1
gitlab.com/rd/sewan-sdk-go/api.go:122.13,124.39 1 1
gitlab.com/rd/sewan-sdk-go/api.go:125.11,127.39 1 1
gitlab.com/rd/sewan-sdk-go/api.go:147.46,156.17 3 1
gitlab.com/rd/sewan-sdk-go/api.go:159.2,160.17 2 1
gitlab.com/rd/sewan-sdk-go/api.go:163.2,166.17 2 1
gitlab.com/rd/sewan-sdk-go/api.go:169.2,172.9 4 1
gitlab.com/rd/sewan-sdk-go/api.go:156.17,158.3 1 1
gitlab.com/rd/sewan-sdk-go/api.go:160.17,162.3 1 0
gitlab.com/rd/sewan-sdk-go/api.go:166.17,168.3 1 0
gitlab.com/rd/sewan-sdk-go/api.go:173.19,175.23 1 1
gitlab.com/rd/sewan-sdk-go/api.go:176.10,180.29 2 1
gitlab.com/rd/sewan-sdk-go/api.go:183.3,183.56 1 1
gitlab.com/rd/sewan-sdk-go/api.go:180.29,182.4 1 1
gitlab.com/rd/sewan-sdk-go/api.go:196.46,198.17 2 1
gitlab.com/rd/sewan-sdk-go/api.go:201.2,203.17 2 1
gitlab.com/rd/sewan-sdk-go/api.go:206.2,208.9 3 1
gitlab.com/rd/sewan-sdk-go/api.go:198.17,200.3 1 1
gitlab.com/rd/sewan-sdk-go/api.go:203.17,205.3 1 0
gitlab.com/rd/sewan-sdk-go/api.go:209.19,212.9 1 1
gitlab.com/rd/sewan-sdk-go/api.go:213.10,214.64 1 1
gitlab.com/rd/sewan-sdk-go/api.go:217.3,220.26 2 1
gitlab.com/rd/sewan-sdk-go/api.go:223.3,223.38 1 1
gitlab.com/rd/sewan-sdk-go/api.go:230.3,230.53 1 1
gitlab.com/rd/sewan-sdk-go/api.go:214.64,216.4 1 1
gitlab.com/rd/sewan-sdk-go/api.go:220.26,222.4 1 1
gitlab.com/rd/sewan-sdk-go/api.go:223.38,226.19 2 1
gitlab.com/rd/sewan-sdk-go/api.go:226.19,228.5 1 1
gitlab.com/rd/sewan-sdk-go/api.go:240.55,244.74 2 1
gitlab.com/rd/sewan-sdk-go/api.go:253.2,253.47 1 1
gitlab.com/rd/sewan-sdk-go/api.go:244.74,247.17 2 1
gitlab.com/rd/sewan-sdk-go/api.go:250.3,251.50 2 1
gitlab.com/rd/sewan-sdk-go/api.go:247.17,249.4 1 1
gitlab.com/rd/sewan-sdk-go/api.go:257.73,258.56 1 1
gitlab.com/rd/sewan-sdk-go/api.go:265.2,265.46 1 1
gitlab.com/rd/sewan-sdk-go/api.go:258.56,261.50 3 1
gitlab.com/rd/sewan-sdk-go/api.go:261.50,263.4 1 1
gitlab.com/rd/sewan-sdk-go/api.go:278.20,285.17 2 1
gitlab.com/rd/sewan-sdk-go/api.go:288.2,289.17 2 1
gitlab.com/rd/sewan-sdk-go/api.go:292.2,295.17 2 1
gitlab.com/rd/sewan-sdk-go/api.go:298.2,301.9 4 1
gitlab.com/rd/sewan-sdk-go/api.go:285.17,287.3 1 1
gitlab.com/rd/sewan-sdk-go/api.go:289.17,291.3 1 0
gitlab.com/rd/sewan-sdk-go/api.go:295.17,297.3 1 0
gitlab.com/rd/sewan-sdk-go/api.go:302.19,305.9 1 1
gitlab.com/rd/sewan-sdk-go/api.go:306.10,310.14 2 1
gitlab.com/rd/sewan-sdk-go/api.go:323.20,325.17 2 1
gitlab.com/rd/sewan-sdk-go/api.go:328.2,330.17 2 1
gitlab.com/rd/sewan-sdk-go/api.go:333.2,335.9 3 1
gitlab.com/rd/sewan-sdk-go/api.go:325.17,327.3 1 1
gitlab.com/rd/sewan-sdk-go/api.go:330.17,332.3 1 0
gitlab.com/rd/sewan-sdk-go/api.go:336.19,339.9 1 1
gitlab.com/rd/sewan-sdk-go/api.go:340.10,344.14 2 1
gitlab.com/rd/sewan-sdk-go/httpClient.go:32.84,34.2 1 0
gitlab.com/rd/sewan-sdk-go/httpClient.go:37.35,39.25 2 1
gitlab.com/rd/sewan-sdk-go/httpClient.go:42.2,42.26 1 1
gitlab.com/rd/sewan-sdk-go/httpClient.go:39.25,41.3 1 1
gitlab.com/rd/sewan-sdk-go/httpClient.go:48.35,50.25 2 1
gitlab.com/rd/sewan-sdk-go/httpClient.go:53.2,53.26 1 1
gitlab.com/rd/sewan-sdk-go/httpClient.go:50.25,52.3 1 1
gitlab.com/rd/sewan-sdk-go/httpClient.go:62.42,71.17 7 1
gitlab.com/rd/sewan-sdk-go/httpClient.go:74.2,76.17 3 1
gitlab.com/rd/sewan-sdk-go/httpClient.go:79.2,82.17 2 1
gitlab.com/rd/sewan-sdk-go/httpClient.go:85.2,85.21 1 1
gitlab.com/rd/sewan-sdk-go/httpClient.go:88.2,88.38 1 1
gitlab.com/rd/sewan-sdk-go/httpClient.go:71.17,73.3 1 0
gitlab.com/rd/sewan-sdk-go/httpClient.go:76.17,78.3 1 1
gitlab.com/rd/sewan-sdk-go/httpClient.go:82.17,84.3 1 1
gitlab.com/rd/sewan-sdk-go/httpClient.go:85.21,87.3 1 1
gitlab.com/rd/sewan-sdk-go/httpClient.go:96.50,97.17 1 1
gitlab.com/rd/sewan-sdk-go/httpClient.go:100.2,100.22 1 1
gitlab.com/rd/sewan-sdk-go/httpClient.go:103.2,105.39 3 1
gitlab.com/rd/sewan-sdk-go/httpClient.go:110.2,110.21 1 1
gitlab.com/rd/sewan-sdk-go/httpClient.go:97.17,99.3 1 1
gitlab.com/rd/sewan-sdk-go/httpClient.go:100.22,102.3 1 1
gitlab.com/rd/sewan-sdk-go/httpClient.go:105.39,109.3 1 1
gitlab.com/rd/sewan-sdk-go/httpClient.go:111.27,112.51 1 1
gitlab.com/rd/sewan-sdk-go/httpClient.go:113.31,114.51 1 1
gitlab.com/rd/sewan-sdk-go/httpClient.go:115.10,116.63 1 0
gitlab.com/rd/sewan-sdk-go/httpClient.go:117.10,121.23 1 1
gitlab.com/rd/sewan-sdk-go/httpClient.go:126.41,131.17 3 1
gitlab.com/rd/sewan-sdk-go/httpClient.go:135.2,135.29 1 1
gitlab.com/rd/sewan-sdk-go/httpClient.go:138.2,139.17 2 1
gitlab.com/rd/sewan-sdk-go/httpClient.go:144.2,145.17 2 1
gitlab.com/rd/sewan-sdk-go/httpClient.go:149.2,149.42 1 1
gitlab.com/rd/sewan-sdk-go/httpClient.go:131.17,134.3 1 0
gitlab.com/rd/sewan-sdk-go/httpClient.go:135.29,137.3 1 0
gitlab.com/rd/sewan-sdk-go/httpClient.go:139.17,143.3 1 1
gitlab.com/rd/sewan-sdk-go/httpClient.go:145.17,148.3 1 0
gitlab.com/rd/sewan-sdk-go/httpClient.go:153.41,155.17 2 1
gitlab.com/rd/sewan-sdk-go/httpClient.go:158.2,159.17 2 1
gitlab.com/rd/sewan-sdk-go/httpClient.go:163.2,163.31 1 1
gitlab.com/rd/sewan-sdk-go/httpClient.go:155.17,157.3 1 0
gitlab.com/rd/sewan-sdk-go/httpClient.go:159.17,162.3 1 0
gitlab.com/rd/sewan-sdk-go/logger.go:14.47,16.2 1 1
gitlab.com/rd/sewan-sdk-go/logger.go:18.47,24.30 6 1
gitlab.com/rd/sewan-sdk-go/logger.go:27.2,28.28 2 1
gitlab.com/rd/sewan-sdk-go/logger.go:31.2,33.23 3 1
gitlab.com/rd/sewan-sdk-go/logger.go:36.2,37.69 2 1
gitlab.com/rd/sewan-sdk-go/logger.go:24.30,26.3 1 0
gitlab.com/rd/sewan-sdk-go/logger.go:28.28,30.3 1 1
gitlab.com/rd/sewan-sdk-go/logger.go:33.23,35.3 1 0
gitlab.com/rd/sewan-sdk-go/packageConstantsAndErrors.go:91.53,93.2 1 1
gitlab.com/rd/sewan-sdk-go/packageConstantsAndErrors.go:97.33,98.23 1 1
gitlab.com/rd/sewan-sdk-go/packageConstantsAndErrors.go:101.2,101.17 1 1
gitlab.com/rd/sewan-sdk-go/packageConstantsAndErrors.go:104.2,104.26 1 1
gitlab.com/rd/sewan-sdk-go/packageConstantsAndErrors.go:107.2,107.37 1 1
gitlab.com/rd/sewan-sdk-go/packageConstantsAndErrors.go:113.2,116.71 1 1
gitlab.com/rd/sewan-sdk-go/packageConstantsAndErrors.go:98.23,100.3 1 0
gitlab.com/rd/sewan-sdk-go/packageConstantsAndErrors.go:101.17,103.3 1 0
gitlab.com/rd/sewan-sdk-go/packageConstantsAndErrors.go:104.26,106.3 1 0
gitlab.com/rd/sewan-sdk-go/packageConstantsAndErrors.go:107.37,108.29 1 1
gitlab.com/rd/sewan-sdk-go/packageConstantsAndErrors.go:111.3,111.38 1 1
gitlab.com/rd/sewan-sdk-go/packageConstantsAndErrors.go:108.29,110.4 1 1
gitlab.com/rd/sewan-sdk-go/packageConstantsAndErrors.go:121.19,126.24 5 1
gitlab.com/rd/sewan-sdk-go/packageConstantsAndErrors.go:129.2,129.16 1 1
gitlab.com/rd/sewan-sdk-go/packageConstantsAndErrors.go:132.2,132.23 1 1
gitlab.com/rd/sewan-sdk-go/packageConstantsAndErrors.go:126.24,128.3 1 0
gitlab.com/rd/sewan-sdk-go/packageConstantsAndErrors.go:129.16,131.3 1 0
gitlab.com/rd/sewan-sdk-go/packageConstantsAndErrors.go:133.25,135.26 1 1
gitlab.com/rd/sewan-sdk-go/packageConstantsAndErrors.go:136.21,138.25 1 1
gitlab.com/rd/sewan-sdk-go/packageConstantsAndErrors.go:139.23,141.26 1 1
gitlab.com/rd/sewan-sdk-go/packageConstantsAndErrors.go:142.23,144.28 1 1
gitlab.com/rd/sewan-sdk-go/packageConstantsAndErrors.go:145.10,147.74 1 0
gitlab.com/rd/sewan-sdk-go/packageConstantsAndErrors.go:151.61,152.24 1 1
gitlab.com/rd/sewan-sdk-go/packageConstantsAndErrors.go:155.2,158.34 1 1
gitlab.com/rd/sewan-sdk-go/packageConstantsAndErrors.go:152.24,154.3 1 0
gitlab.com/rd/sewan-sdk-go/resourcesUtils.go:106.33,107.22 1 1
gitlab.com/rd/sewan-sdk-go/resourcesUtils.go:108.23,109.35 1 1
gitlab.com/rd/sewan-sdk-go/resourcesUtils.go:110.22,114.8 1 1
gitlab.com/rd/sewan-sdk-go/resourcesUtils.go:115.10,116.58 1 1
gitlab.com/rd/sewan-sdk-go/resourcesUtils.go:122.84,123.22 1 1
gitlab.com/rd/sewan-sdk-go/resourcesUtils.go:124.23,125.13 1 1
gitlab.com/rd/sewan-sdk-go/resourcesUtils.go:126.22,127.13 1 1
gitlab.com/rd/sewan-sdk-go/resourcesUtils.go:128.10,129.51 1 1
gitlab.com/rd/sewan-sdk-go/resourcesUtils.go:138.30,144.2 5 1
gitlab.com/rd/sewan-sdk-go/resourcesUtils.go:152.28,159.2 6 1
gitlab.com/rd/sewan-sdk-go/resourcesUtils.go:164.35,170.17 4 1
gitlab.com/rd/sewan-sdk-go/resourcesUtils.go:173.2,176.13 2 1
gitlab.com/rd/sewan-sdk-go/resourcesUtils.go:170.17,172.3 1 1
gitlab.com/rd/sewan-sdk-go/resourcesUtils.go:179.77,188.48 2 1
gitlab.com/rd/sewan-sdk-go/resourcesUtils.go:196.2,199.17 4 1
gitlab.com/rd/sewan-sdk-go/resourcesUtils.go:188.48,191.17 2 1
gitlab.com/rd/sewan-sdk-go/resourcesUtils.go:194.3,194.81 1 1
gitlab.com/rd/sewan-sdk-go/resourcesUtils.go:191.17,193.4 1 0
gitlab.com/rd/sewan-sdk-go/resourcesUtils.go:202.73,204.60 2 1
gitlab.com/rd/sewan-sdk-go/resourcesUtils.go:215.2,215.46 1 0
gitlab.com/rd/sewan-sdk-go/resourcesUtils.go:204.60,211.50 7 1
gitlab.com/rd/sewan-sdk-go/resourcesUtils.go:211.50,213.4 1 1
gitlab.com/rd/sewan-sdk-go/resourcesUtils.go:222.44,225.17 2 1
gitlab.com/rd/sewan-sdk-go/resourcesUtils.go:228.2,230.17 2 1
gitlab.com/rd/sewan-sdk-go/resourcesUtils.go:233.2,234.17 2 1
gitlab.com/rd/sewan-sdk-go/resourcesUtils.go:237.2,239.17 2 1
gitlab.com/rd/sewan-sdk-go/resourcesUtils.go:242.2,242.22 1 1
gitlab.com/rd/sewan-sdk-go/resourcesUtils.go:225.17,227.3 1 1
gitlab.com/rd/sewan-sdk-go/resourcesUtils.go:230.17,232.3 1 1
gitlab.com/rd/sewan-sdk-go/resourcesUtils.go:234.17,236.3 1 1
gitlab.com/rd/sewan-sdk-go/resourcesUtils.go:239.17,241.3 1 0
gitlab.com/rd/sewan-sdk-go/resourcesUtils.go:248.30,256.40 3 1
gitlab.com/rd/sewan-sdk-go/resourcesUtils.go:267.2,267.26 1 1
gitlab.com/rd/sewan-sdk-go/resourcesUtils.go:270.2,290.18 2 1
gitlab.com/rd/sewan-sdk-go/resourcesUtils.go:311.2,311.16 1 1
gitlab.com/rd/sewan-sdk-go/resourcesUtils.go:256.40,266.3 4 1
gitlab.com/rd/sewan-sdk-go/resourcesUtils.go:267.26,269.3 1 1
gitlab.com/rd/sewan-sdk-go/resourcesUtils.go:290.18,296.22 2 1
gitlab.com/rd/sewan-sdk-go/resourcesUtils.go:305.3,306.18 2 1
gitlab.com/rd/sewan-sdk-go/resourcesUtils.go:309.3,309.45 1 1
gitlab.com/rd/sewan-sdk-go/resourcesUtils.go:296.22,300.18 3 1
gitlab.com/rd/sewan-sdk-go/resourcesUtils.go:303.4,303.47 1 1
gitlab.com/rd/sewan-sdk-go/resourcesUtils.go:300.18,302.5 1 0
gitlab.com/rd/sewan-sdk-go/resourcesUtils.go:306.18,308.4 1 0
