mode: set
terraform-provider-sewan/sewan/provider.go:7.34,16.2 1 1
terraform-provider-sewan/sewan/provider.go:18.49,31.2 1 1
terraform-provider-sewan/sewan/provider.go:33.69,39.2 2 0
terraform-provider-sewan/sewan/resource_vdc.go:7.47,28.2 1 1
terraform-provider-sewan/sewan/resource_vdc.go:30.38,64.2 1 1
terraform-provider-sewan/sewan/resource_vdc.go:66.71,78.26 6 1
terraform-provider-sewan/sewan/resource_vdc.go:83.2,83.22 1 1
terraform-provider-sewan/sewan/resource_vdc.go:78.26,82.3 1 1
terraform-provider-sewan/sewan/resource_vdc.go:86.69,99.30 7 1
terraform-provider-sewan/sewan/resource_vdc.go:108.2,108.18 1 1
terraform-provider-sewan/sewan/resource_vdc.go:99.30,101.3 1 1
terraform-provider-sewan/sewan/resource_vdc.go:101.8,102.23 1 1
terraform-provider-sewan/sewan/resource_vdc.go:102.23,106.4 1 1
terraform-provider-sewan/sewan/resource_vdc.go:111.71,122.2 5 1
terraform-provider-sewan/sewan/resource_vdc.go:124.71,135.24 5 1
terraform-provider-sewan/sewan/resource_vdc.go:138.2,138.20 1 1
terraform-provider-sewan/sewan/resource_vdc.go:135.24,137.3 1 1
terraform-provider-sewan/sewan/resource_vm.go:7.42,36.2 1 1
terraform-provider-sewan/sewan/resource_vm.go:38.41,55.2 1 1
terraform-provider-sewan/sewan/resource_vm.go:57.37,152.2 1 1
terraform-provider-sewan/sewan/resource_vm.go:154.70,167.26 6 1
terraform-provider-sewan/sewan/resource_vm.go:172.2,172.22 1 1
terraform-provider-sewan/sewan/resource_vm.go:167.26,171.3 1 1
terraform-provider-sewan/sewan/resource_vm.go:175.68,190.30 7 1
terraform-provider-sewan/sewan/resource_vm.go:199.2,199.18 1 1
terraform-provider-sewan/sewan/resource_vm.go:190.30,192.3 1 1
terraform-provider-sewan/sewan/resource_vm.go:192.8,193.23 1 1
terraform-provider-sewan/sewan/resource_vm.go:193.23,197.4 1 1
terraform-provider-sewan/sewan/resource_vm.go:202.70,213.2 5 1
terraform-provider-sewan/sewan/resource_vm.go:215.70,225.24 5 1
terraform-provider-sewan/sewan/resource_vm.go:228.2,228.20 1 1
terraform-provider-sewan/sewan/resource_vm.go:225.24,227.3 1 1
terraform-provider-sewan/sewan/config.go:32.44,57.2 7 0
