mode: set
gitlab.com/terraform-provider-sewan/sewan/config.go:63.44,88.2 7 0
gitlab.com/terraform-provider-sewan/sewan/provider.go:7.34,16.2 1 1
gitlab.com/terraform-provider-sewan/sewan/provider.go:18.49,31.2 1 1
gitlab.com/terraform-provider-sewan/sewan/provider.go:33.69,39.2 2 0
gitlab.com/terraform-provider-sewan/sewan/resource_vdc.go:7.47,28.2 1 1
gitlab.com/terraform-provider-sewan/sewan/resource_vdc.go:30.38,64.2 1 1
gitlab.com/terraform-provider-sewan/sewan/resource_vdc.go:66.71,78.26 6 1
gitlab.com/terraform-provider-sewan/sewan/resource_vdc.go:83.2,83.22 1 1
gitlab.com/terraform-provider-sewan/sewan/resource_vdc.go:78.26,82.3 1 1
gitlab.com/terraform-provider-sewan/sewan/resource_vdc.go:86.69,99.30 7 1
gitlab.com/terraform-provider-sewan/sewan/resource_vdc.go:108.2,108.18 1 1
gitlab.com/terraform-provider-sewan/sewan/resource_vdc.go:99.30,101.3 1 1
gitlab.com/terraform-provider-sewan/sewan/resource_vdc.go:101.8,102.23 1 1
gitlab.com/terraform-provider-sewan/sewan/resource_vdc.go:102.23,106.4 1 1
gitlab.com/terraform-provider-sewan/sewan/resource_vdc.go:111.71,122.2 5 1
gitlab.com/terraform-provider-sewan/sewan/resource_vdc.go:124.71,135.24 5 1
gitlab.com/terraform-provider-sewan/sewan/resource_vdc.go:138.2,138.20 1 1
gitlab.com/terraform-provider-sewan/sewan/resource_vdc.go:135.24,137.3 1 1
gitlab.com/terraform-provider-sewan/sewan/resource_vm.go:7.42,32.2 1 1
gitlab.com/terraform-provider-sewan/sewan/resource_vm.go:34.41,51.2 1 1
gitlab.com/terraform-provider-sewan/sewan/resource_vm.go:53.37,144.2 1 1
gitlab.com/terraform-provider-sewan/sewan/resource_vm.go:146.70,159.26 6 1
gitlab.com/terraform-provider-sewan/sewan/resource_vm.go:164.2,164.22 1 1
gitlab.com/terraform-provider-sewan/sewan/resource_vm.go:159.26,163.3 1 1
gitlab.com/terraform-provider-sewan/sewan/resource_vm.go:167.68,182.30 7 1
gitlab.com/terraform-provider-sewan/sewan/resource_vm.go:191.2,191.18 1 1
gitlab.com/terraform-provider-sewan/sewan/resource_vm.go:182.30,184.3 1 1
gitlab.com/terraform-provider-sewan/sewan/resource_vm.go:184.8,185.23 1 1
gitlab.com/terraform-provider-sewan/sewan/resource_vm.go:185.23,189.4 1 1
gitlab.com/terraform-provider-sewan/sewan/resource_vm.go:194.70,205.2 5 1
gitlab.com/terraform-provider-sewan/sewan/resource_vm.go:207.70,217.24 5 1
gitlab.com/terraform-provider-sewan/sewan/resource_vm.go:220.2,220.20 1 1
gitlab.com/terraform-provider-sewan/sewan/resource_vm.go:217.24,219.3 1 1
